-------------------------------------------------------------------------------
Test set: com.cmd.hms.patient.test.HttpRequestTest
-------------------------------------------------------------------------------
Tests run: 2, Failures: 1, Errors: 0, Skipped: 0, Time elapsed: 5.469 s <<< FAILURE! - in com.cmd.hms.patient.test.HttpRequestTest
greetingShouldReturnDefaultMessage  Time elapsed: 1.206 s  <<< FAILURE!
java.lang.AssertionError: 

Expecting:
 <"Exception during error handling occured!">
to contain:
 <"Schema"> 
	at com.cmd.hms.patient.test.HttpRequestTest.greetingShouldReturnDefaultMessage(HttpRequestTest.java:29)

