<?xml version="1.0" encoding="UTF-8"?>
<testsuite xmlns:xsi="http://www.w3.org/2001/XMLSchema-instance" xsi:noNamespaceSchemaLocation="https://maven.apache.org/surefire/maven-surefire-plugin/xsd/surefire-test-report.xsd" name="com.cmd.hms.patient.test.HttpRequestTest" time="5.469" tests="2" errors="0" skipped="0" failures="1">
  <properties>
[...]
</properties>
  <testcase name="greetingShouldReturnDefaultMessage" classname="com.cmd.hms.patient.test.HttpRequestTest" time="1.206">
    <failure message="&#10;Expecting:&#10; &lt;&quot;Exception during error handling occured!&quot;&gt;&#10;to contain:&#10; &lt;&quot;Schema&quot;&gt; " type="java.lang.AssertionError"><![CDATA[java.lang.AssertionError: 

Expecting:
 <"Exception during error handling occured!">
to contain:
 <"Schema"> 
	at com.cmd.hms.patient.test.HttpRequestTest.greetingShouldReturnDefaultMessage(HttpRequestTest.java:29)
]]></failure>
    <system-out><![CDATA[20:09:40.484 [main] DEBUG org.springframework.test.context.BootstrapUtils - Instantiating CacheAwareContextLoaderDelegate from class [org.springframework.test.context.cache.DefaultCacheAwareContextLoaderDelegate]
20:09:40.503 [main] DEBUG org.springframework.test.context.BootstrapUtils - Instantiating BootstrapContext using constructor [public org.springframework.test.context.support.DefaultBootstrapContext(java.lang.Class,org.springframework.test.context.CacheAwareContextLoaderDelegate)]
20:09:40.557 [main] DEBUG org.springframework.test.context.BootstrapUtils - Instantiating TestContextBootstrapper for test class [com.cmd.hms.patient.test.HttpRequestTest] from class [org.springframework.boot.test.context.SpringBootTestContextBootstrapper]
20:09:40.579 [main] INFO org.springframework.boot.test.context.SpringBootTestContextBootstrapper - Neither @ContextConfiguration nor @ContextHierarchy found for test class [com.cmd.hms.patient.test.HttpRequestTest], using SpringBootContextLoader
20:09:40.585 [main] DEBUG org.springframework.test.context.support.AbstractContextLoader - Did not detect default resource location for test class [com.cmd.hms.patient.test.HttpRequestTest]: class path resource [com/cmd/hms/patient/test/HttpRequestTest-context.xml] does not exist
20:09:40.586 [main] DEBUG org.springframework.test.context.support.AbstractContextLoader - Did not detect default resource location for test class [com.cmd.hms.patient.test.HttpRequestTest]: class path resource [com/cmd/hms/patient/test/HttpRequestTestContext.groovy] does not exist
20:09:40.586 [main] INFO org.springframework.test.context.support.AbstractContextLoader - Could not detect default resource locations for test class [com.cmd.hms.patient.test.HttpRequestTest]: no resource found for suffixes {-context.xml, Context.groovy}.
20:09:40.587 [main] INFO org.springframework.test.context.support.AnnotationConfigContextLoaderUtils - Could not detect default configuration classes for test class [com.cmd.hms.patient.test.HttpRequestTest]: HttpRequestTest does not declare any static, non-private, non-final, nested classes annotated with @Configuration.
20:09:40.698 [main] DEBUG org.springframework.test.context.support.ActiveProfilesUtils - Could not find an 'annotation declaring class' for annotation type [org.springframework.test.context.ActiveProfiles] and class [com.cmd.hms.patient.test.HttpRequestTest]
20:09:40.796 [main] DEBUG org.springframework.context.annotation.ClassPathScanningCandidateComponentProvider - Identified candidate component class: file [/home/remi/Documents/QMUL/Dissertation/Code/healthcare-management-system/patient-api/api/target/classes/com/cmd/hms/patient/Application.class]
20:09:40.797 [main] INFO org.springframework.boot.test.context.SpringBootTestContextBootstrapper - Found @SpringBootConfiguration com.cmd.hms.patient.Application for test class com.cmd.hms.patient.test.HttpRequestTest
20:09:40.914 [main] DEBUG org.springframework.boot.test.context.SpringBootTestContextBootstrapper - @TestExecutionListeners is not present for class [com.cmd.hms.patient.test.HttpRequestTest]: using defaults.
20:09:40.914 [main] INFO org.springframework.boot.test.context.SpringBootTestContextBootstrapper - Loaded default TestExecutionListener class names from location [META-INF/spring.factories]: [org.springframework.test.context.web.ServletTestExecutionListener, org.springframework.test.context.support.DirtiesContextBeforeModesTestExecutionListener, org.springframework.test.context.support.DependencyInjectionTestExecutionListener, org.springframework.test.context.support.DirtiesContextTestExecutionListener, org.springframework.test.context.transaction.TransactionalTestExecutionListener, org.springframework.test.context.jdbc.SqlScriptsTestExecutionListener, org.springframework.test.context.event.EventPublishingTestExecutionListener, org.springframework.boot.test.mock.mockito.MockitoTestExecutionListener, org.springframework.boot.test.mock.mockito.ResetMocksTestExecutionListener, org.springframework.boot.test.autoconfigure.restdocs.RestDocsTestExecutionListener, org.springframework.boot.test.autoconfigure.web.client.MockRestServiceServerResetTestExecutionListener, org.springframework.boot.test.autoconfigure.web.servlet.MockMvcPrintOnlyOnFailureTestExecutionListener, org.springframework.boot.test.autoconfigure.web.servlet.WebDriverTestExecutionListener, org.springframework.boot.test.autoconfigure.webservices.client.MockWebServiceServerTestExecutionListener]
20:09:40.957 [main] INFO org.springframework.boot.test.context.SpringBootTestContextBootstrapper - Using TestExecutionListeners: [org.springframework.test.context.web.ServletTestExecutionListener@73d983ea, org.springframework.test.context.support.DirtiesContextBeforeModesTestExecutionListener@36a5cabc, org.springframework.boot.test.mock.mockito.MockitoTestExecutionListener@432038ec, org.springframework.boot.test.autoconfigure.SpringBootDependencyInjectionTestExecutionListener@7daa0fbd, org.springframework.test.context.support.DirtiesContextTestExecutionListener@42530531, org.springframework.test.context.transaction.TransactionalTestExecutionListener@5a3bc7ed, org.springframework.test.context.jdbc.SqlScriptsTestExecutionListener@181e731e, org.springframework.test.context.event.EventPublishingTestExecutionListener@35645047, org.springframework.boot.test.mock.mockito.ResetMocksTestExecutionListener@6f44a157, org.springframework.boot.test.autoconfigure.restdocs.RestDocsTestExecutionListener@6bc407fd, org.springframework.boot.test.autoconfigure.web.client.MockRestServiceServerResetTestExecutionListener@291f18, org.springframework.boot.test.autoconfigure.web.servlet.MockMvcPrintOnlyOnFailureTestExecutionListener@17d88132, org.springframework.boot.test.autoconfigure.web.servlet.WebDriverTestExecutionListener@5ddcc487, org.springframework.boot.test.autoconfigure.webservices.client.MockWebServiceServerTestExecutionListener@16eccb2e]
20:09:40.962 [main] DEBUG org.springframework.test.context.support.AbstractDirtiesContextTestExecutionListener - Before test class: context [DefaultTestContext@4ff8d125 testClass = HttpRequestTest, testInstance = [null], testMethod = [null], testException = [null], mergedContextConfiguration = [WebMergedContextConfiguration@6d167f58 testClass = HttpRequestTest, locations = '{}', classes = '{class com.cmd.hms.patient.Application}', contextInitializerClasses = '[]', activeProfiles = '{}', propertySourceLocations = '{classpath:application-test.properties}', propertySourceProperties = '{org.springframework.boot.test.context.SpringBootTestContextBootstrapper=true, server.port=0}', contextCustomizers = set[org.springframework.boot.test.context.filter.ExcludeFilterContextCustomizer@fa49800, org.springframework.boot.test.json.DuplicateJsonObjectContextCustomizerFactory$DuplicateJsonObjectContextCustomizer@16a0ee18, org.springframework.boot.test.mock.mockito.MockitoContextCustomizer@0, org.springframework.boot.test.web.client.TestRestTemplateContextCustomizer@2fb3536e, org.springframework.boot.test.autoconfigure.properties.PropertyMappingContextCustomizer@0, org.springframework.boot.test.autoconfigure.web.servlet.WebDriverContextCustomizerFactory$Customizer@bae7dc0, org.springframework.boot.test.context.SpringBootTestArgs@1], resourceBasePath = 'src/main/webapp', contextLoader = 'org.springframework.boot.test.context.SpringBootContextLoader', parent = [null]], attributes = map['org.springframework.test.context.web.ServletTestExecutionListener.activateListener' -> false]], class annotated with @DirtiesContext [false] with mode [null].
20:09:40.984 [main] DEBUG org.springframework.test.context.support.DependencyInjectionTestExecutionListener - Performing dependency injection for test context [[DefaultTestContext@4ff8d125 testClass = HttpRequestTest, testInstance = com.cmd.hms.patient.test.HttpRequestTest@51fadaff, testMethod = [null], testException = [null], mergedContextConfiguration = [WebMergedContextConfiguration@6d167f58 testClass = HttpRequestTest, locations = '{}', classes = '{class com.cmd.hms.patient.Application}', contextInitializerClasses = '[]', activeProfiles = '{}', propertySourceLocations = '{classpath:application-test.properties}', propertySourceProperties = '{org.springframework.boot.test.context.SpringBootTestContextBootstrapper=true, server.port=0}', contextCustomizers = set[org.springframework.boot.test.context.filter.ExcludeFilterContextCustomizer@fa49800, org.springframework.boot.test.json.DuplicateJsonObjectContextCustomizerFactory$DuplicateJsonObjectContextCustomizer@16a0ee18, org.springframework.boot.test.mock.mockito.MockitoContextCustomizer@0, org.springframework.boot.test.web.client.TestRestTemplateContextCustomizer@2fb3536e, org.springframework.boot.test.autoconfigure.properties.PropertyMappingContextCustomizer@0, org.springframework.boot.test.autoconfigure.web.servlet.WebDriverContextCustomizerFactory$Customizer@bae7dc0, org.springframework.boot.test.context.SpringBootTestArgs@1], resourceBasePath = 'src/main/webapp', contextLoader = 'org.springframework.boot.test.context.SpringBootContextLoader', parent = [null]], attributes = map['org.springframework.test.context.web.ServletTestExecutionListener.activateListener' -> false]]].
20:09:41.017 [main] DEBUG org.springframework.test.context.support.TestPropertySourceUtils - Adding inlined properties to environment: {spring.jmx.enabled=false, org.springframework.boot.test.context.SpringBootTestContextBootstrapper=true, server.port=0}
2022-06-22 20:09:41.366  INFO 305672 --- [           main] c.cmd.hms.patient.test.HttpRequestTest   : Starting HttpRequestTest on fedora with PID 305672 (started by remi in /home/remi/Documents/QMUL/Dissertation/Code/healthcare-management-system/patient-api/api)
2022-06-22 20:09:41.368  INFO 305672 --- [           main] c.cmd.hms.patient.test.HttpRequestTest   : No active profile set, falling back to default profiles: default
2022-06-22 20:09:42.959  INFO 305672 --- [           main] o.apache.catalina.core.StandardService   : Starting service [Tomcat]
2022-06-22 20:09:42.960  INFO 305672 --- [           main] org.apache.catalina.core.StandardEngine  : Starting Servlet engine: [Apache Tomcat/9.0.36]
2022-06-22 20:09:43.092  INFO 305672 --- [           main] o.a.c.c.C.[Tomcat].[localhost].[/]       : Initializing Spring embedded WebApplicationContext
2022-06-22 20:09:43.346  INFO 305672 --- [         task-1] o.hibernate.jpa.internal.util.LogHelper  : HHH000204: Processing PersistenceUnitInfo [name: default]
2022-06-22 20:09:43.436  INFO 305672 --- [         task-1] org.hibernate.Version                    : HHH000412: Hibernate ORM core version 5.4.17.Final
2022-06-22 20:09:43.667  INFO 305672 --- [         task-1] o.hibernate.annotations.common.Version   : HCANN000001: Hibernate Commons Annotations {5.1.0.Final}
2022-06-22 20:09:43.807  INFO 305672 --- [         task-1] com.zaxxer.hikari.HikariDataSource       : HikariPool-1 - Starting...
2022-06-22 20:09:44.088  INFO 305672 --- [         task-1] com.zaxxer.hikari.HikariDataSource       : HikariPool-1 - Start completed.
2022-06-22 20:09:44.137  INFO 305672 --- [         task-1] org.hibernate.dialect.Dialect            : HHH000400: Using dialect: org.hibernate.dialect.H2Dialect
2022-06-22 20:09:44.604  INFO 305672 --- [           main] c.cmd.hms.patient.test.HttpRequestTest   : Started HttpRequestTest in 3.585 seconds (JVM running for 4.97)
2022-06-22 20:09:45.359  WARN 305672 --- [o-auto-1-exec-1] o.g.jersey.internal.inject.Providers     : A provider com.cmd.hms.patient.config.JerseyConfig$EntityManagerFilter registered in SERVER runtime does not implement any provider interfaces applicable in the SERVER runtime. Due to constraint configuration problems the provider com.cmd.hms.patient.config.JerseyConfig$EntityManagerFilter will be ignored. 
2022-06-22 20:09:45.359  WARN 305672 --- [o-auto-1-exec-1] o.g.jersey.internal.inject.Providers     : A provider com.cmd.hms.patient.config.JerseyConfig$ODataServiceRootLocator registered in SERVER runtime does not implement any provider interfaces applicable in the SERVER runtime. Due to constraint configuration problems the provider com.cmd.hms.patient.config.JerseyConfig$ODataServiceRootLocator will be ignored. 
]]></system-out>
  </testcase>
  <testcase name="testPatients" classname="com.cmd.hms.patient.test.HttpRequestTest" time="0.016"/>
</testsuite>