<?xml version="1.0" encoding="UTF-8"?>
<testsuite xmlns:xsi="http://www.w3.org/2001/XMLSchema-instance" xsi:noNamespaceSchemaLocation="https://maven.apache.org/surefire/maven-surefire-plugin/xsd/surefire-test-report.xsd" name="com.cmd.hms.patient.test.PatientStatusTypeTest" time="0.199" tests="8" errors="0" skipped="0" failures="0">
  <properties>
[...]
</properties>
  <testcase name="greetingShouldReturnDefaultMessage" classname="com.cmd.hms.patient.test.PatientStatusTypeTest" time="0.017"/>
  <testcase name="IsDeletedTest" classname="com.cmd.hms.patient.test.PatientStatusTypeTest" time="0.003"/>
  <testcase name="updateStatus" classname="com.cmd.hms.patient.test.PatientStatusTypeTest" time="0.049"/>
  <testcase name="deleteStatus" classname="com.cmd.hms.patient.test.PatientStatusTypeTest" time="0.04"/>
  <testcase name="addStatus" classname="com.cmd.hms.patient.test.PatientStatusTypeTest" time="0.027"/>
  <testcase name="invalidUpdateStatus" classname="com.cmd.hms.patient.test.PatientStatusTypeTest" time="0.04"/>
  <testcase name="PatientStatusTest" classname="com.cmd.hms.patient.test.PatientStatusTypeTest" time="0.005"/>
  <testcase name="StatusIdTest" classname="com.cmd.hms.patient.test.PatientStatusTypeTest" time="0.004"/>
</testsuite>