<?xml version="1.0" encoding="UTF-8"?>
<testsuite xmlns:xsi="http://www.w3.org/2001/XMLSchema-instance" xsi:noNamespaceSchemaLocation="https://maven.apache.org/surefire/maven-surefire-plugin/xsd/surefire-test-report.xsd" name="com.cmd.hms.patient.test.TitleTest" time="0.288" tests="7" errors="0" skipped="0" failures="0">
  <properties>
[...]
</properties>
  <testcase name="greetingShouldReturnDefaultMessage" classname="com.cmd.hms.patient.test.TitleTest" time="0.024"/>
  <testcase name="IdTest" classname="com.cmd.hms.patient.test.TitleTest" time="0.006"/>
  <testcase name="addTitle" classname="com.cmd.hms.patient.test.TitleTest" time="0.046"/>
  <testcase name="deleteTitle" classname="com.cmd.hms.patient.test.TitleTest" time="0.04"/>
  <testcase name="updateTitle" classname="com.cmd.hms.patient.test.TitleTest" time="0.066"/>
  <testcase name="invalidUpdateGender" classname="com.cmd.hms.patient.test.TitleTest" time="0.066"/>
  <testcase name="TitleMethodTest" classname="com.cmd.hms.patient.test.TitleTest" time="0.006"/>
</testsuite>